#-----------------------------------------------------------
# Vivado v2018.3 (64-bit)
# SW Build 2405991 on Thu Dec  6 23:38:27 MST 2018
# IP Build 2404404 on Fri Dec  7 01:43:56 MST 2018
# Start of session at: Thu Jul  4 22:46:01 2024
# Process ID: 22088
# Current directory: D:/data/data/24/ZYNQ/CNN _kernel
# Command line: vivado.exe -gui_launcher_event rodinguilauncherevent42316 D:\data\data\24\ZYNQ\CNN _kernel\CNN _kernel.xpr
# Log file: D:/data/data/24/ZYNQ/CNN _kernel/vivado.log
# Journal file: D:/data/data/24/ZYNQ/CNN _kernel\vivado.jou
#-----------------------------------------------------------
start_gui
open_project {D:/data/data/24/ZYNQ/CNN _kernel/CNN _kernel.xpr}
Scanning sources...
Finished scanning sources
INFO: [IP_Flow 19-234] Refreshing IP repositories
INFO: [IP_Flow 19-1704] No user IP repositories specified
INFO: [IP_Flow 19-2313] Loaded Vivado IP repository 'D:/software/Xilinx/Vivado/2018.3/data/ip'.
update_compile_order -fileset sources_1
exit
INFO: [Common 17-206] Exiting Vivado at Thu Jul  4 23:27:16 2024...
